Line 146: Class SHDocVwCtl.WebBrowser of control WebBrowser1 was not a loaded control class.
Line 171: Class MSComCtl2.DTPicker of control DTPicker1 was not a loaded control class.
Line 152: The property name ExtentX in WebBrowser1 is invalid.
Line 153: The property name ExtentY in WebBrowser1 is invalid.
Line 154: The property name ViewMode in WebBrowser1 is invalid.
Line 155: The property name Offline in WebBrowser1 is invalid.
Line 156: The property name Silent in WebBrowser1 is invalid.
Line 157: The property name RegisterAsBrowser in WebBrowser1 is invalid.
Line 158: The property name RegisterAsDropTarget in WebBrowser1 is invalid.
Line 159: The property name AutoArrange in WebBrowser1 is invalid.
Line 160: The property name NoClientEdge in WebBrowser1 is invalid.
Line 161: The property name AlignLeft in WebBrowser1 is invalid.
Line 162: The property name NoWebView in WebBrowser1 is invalid.
Line 163: The property name HideFileNames in WebBrowser1 is invalid.
Line 164: The property name SingleClick in WebBrowser1 is invalid.
Line 165: The property name SingleSelection in WebBrowser1 is invalid.
Line 166: The property name NoFolders in WebBrowser1 is invalid.
Line 167: The property name Transparent in WebBrowser1 is invalid.
Line 168: The property name ViewID in WebBrowser1 is invalid.
Line 169: The property name Location in WebBrowser1 is invalid.
Line 177: The property name _ExtentX in DTPicker1 is invalid.
Line 178: The property name _ExtentY in DTPicker1 is invalid.
Line 179: The property name _Version in DTPicker1 is invalid.
Line 180: The property name Format in DTPicker1 is invalid.
Line 181: The property name CurrentDate in DTPicker1 is invalid.
